<?xml version="1.0" encoding="UTF-8"?>
<testsuite xmlns:xsi="http://www.w3.org/2001/XMLSchema-instance" xsi:noNamespaceSchemaLocation="https://maven.apache.org/surefire/maven-surefire-plugin/xsd/surefire-test-report.xsd" name="org.apache.rat.mp.util.ScmIgnoreParserTest" time="0.015" tests="5" errors="0" skipped="0" failures="0">
  <properties>
    <property name="java.specification.version" value="18"/>
    <property name="sun.jnu.encoding" value="UTF-8"/>
    <property name="java.class.path" value="/Users/yimingtang/Documents/subjects/creadur-rat/apache-rat-plugin/target/test-classes:/Users/yimingtang/Documents/subjects/creadur-rat/apache-rat-plugin/target/classes:/Users/yimingtang/Documents/subjects/creadur-rat/apache-rat-core/target/apache-rat-core-0.16-SNAPSHOT.jar:/Users/yimingtang/Documents/subjects/creadur-rat/apache-rat-api/target/apache-rat-api-0.16-SNAPSHOT.jar:/Users/yimingtang/.m2/repository/org/apache/commons/commons-collections4/4.4/commons-collections4-4.4.jar:/Users/yimingtang/.m2/repository/commons-io/commons-io/2.11.0/commons-io-2.11.0.jar:/Users/yimingtang/.m2/repository/org/apache/commons/commons-compress/1.22/commons-compress-1.22.jar:/Users/yimingtang/.m2/repository/commons-cli/commons-cli/1.5.0/commons-cli-1.5.0.jar:/Users/yimingtang/.m2/repository/junit/junit/4.13.2/junit-4.13.2.jar:/Users/yimingtang/.m2/repository/org/hamcrest/hamcrest-core/1.3/hamcrest-core-1.3.jar:/Users/yimingtang/.m2/repository/org/mockito/mockito-core/4.11.0/mockito-core-4.11.0.jar:/Users/yimingtang/.m2/repository/net/bytebuddy/byte-buddy/1.12.19/byte-buddy-1.12.19.jar:/Users/yimingtang/.m2/repository/net/bytebuddy/byte-buddy-agent/1.12.19/byte-buddy-agent-1.12.19.jar:/Users/yimingtang/.m2/repository/org/objenesis/objenesis/3.3/objenesis-3.3.jar:/Users/yimingtang/.m2/repository/org/apache/maven/plugin-tools/maven-plugin-annotations/3.8.1/maven-plugin-annotations-3.8.1.jar:/Users/yimingtang/.m2/repository/org/apache/maven/maven-artifact/2.2.1/maven-artifact-2.2.1.jar:/Users/yimingtang/.m2/repository/org/apache/maven/maven-artifact-manager/2.2.1/maven-artifact-manager-2.2.1.jar:/Users/yimingtang/.m2/repository/org/apache/maven/maven-repository-metadata/2.2.1/maven-repository-metadata-2.2.1.jar:/Users/yimingtang/.m2/repository/org/codehaus/plexus/plexus-container-default/1.0-alpha-9-stable-1/plexus-container-default-1.0-alpha-9-stable-1.jar:/Users/yimingtang/.m2/repository/classworlds/classworlds/1.1-alpha-2/classworlds-1.1-alpha-2.jar:/Users/yimingtang/.m2/repository/org/apache/maven/wagon/wagon-provider-api/1.0-beta-6/wagon-provider-api-1.0-beta-6.jar:/Users/yimingtang/.m2/repository/backport-util-concurrent/backport-util-concurrent/3.1/backport-util-concurrent-3.1.jar:/Users/yimingtang/.m2/repository/org/apache/maven/maven-model/2.2.1/maven-model-2.2.1.jar:/Users/yimingtang/.m2/repository/org/apache/maven/maven-plugin-api/2.2.1/maven-plugin-api-2.2.1.jar:/Users/yimingtang/.m2/repository/org/apache/maven/maven-project/2.2.1/maven-project-2.2.1.jar:/Users/yimingtang/.m2/repository/org/apache/maven/maven-profile/2.2.1/maven-profile-2.2.1.jar:/Users/yimingtang/.m2/repository/org/apache/maven/maven-plugin-registry/2.2.1/maven-plugin-registry-2.2.1.jar:/Users/yimingtang/.m2/repository/org/codehaus/plexus/plexus-interpolation/1.11/plexus-interpolation-1.11.jar:/Users/yimingtang/.m2/repository/org/apache/maven/maven-settings/2.2.1/maven-settings-2.2.1.jar:/Users/yimingtang/.m2/repository/org/apache/maven/doxia/doxia-core/1.12.0/doxia-core-1.12.0.jar:/Users/yimingtang/.m2/repository/org/apache/maven/doxia/doxia-logging-api/1.12.0/doxia-logging-api-1.12.0.jar:/Users/yimingtang/.m2/repository/org/codehaus/plexus/plexus-component-annotations/2.1.0/plexus-component-annotations-2.1.0.jar:/Users/yimingtang/.m2/repository/org/apache/commons/commons-text/1.3/commons-text-1.3.jar:/Users/yimingtang/.m2/repository/org/apache/httpcomponents/httpclient/4.5.13/httpclient-4.5.13.jar:/Users/yimingtang/.m2/repository/commons-logging/commons-logging/1.2/commons-logging-1.2.jar:/Users/yimingtang/.m2/repository/commons-codec/commons-codec/1.11/commons-codec-1.11.jar:/Users/yimingtang/.m2/repository/org/apache/httpcomponents/httpcore/4.4.14/httpcore-4.4.14.jar:/Users/yimingtang/.m2/repository/org/apache/maven/doxia/doxia-decoration-model/1.11.1/doxia-decoration-model-1.11.1.jar:/Users/yimingtang/.m2/repository/org/apache/maven/doxia/doxia-module-xhtml/1.12.0/doxia-module-xhtml-1.12.0.jar:/Users/yimingtang/.m2/repository/org/apache/maven/doxia/doxia-sink-api/1.12.0/doxia-sink-api-1.12.0.jar:/Users/yimingtang/.m2/repository/org/apache/maven/doxia/doxia-integration-tools/1.11.1/doxia-integration-tools-1.11.1.jar:/Users/yimingtang/.m2/repository/org/codehaus/plexus/plexus-i18n/1.0-beta-10/plexus-i18n-1.0-beta-10.jar:/Users/yimingtang/.m2/repository/org/apache/maven/doxia/doxia-site-renderer/1.11.1/doxia-site-renderer-1.11.1.jar:/Users/yimingtang/.m2/repository/org/apache/maven/doxia/doxia-skin-model/1.11.1/doxia-skin-model-1.11.1.jar:/Users/yimingtang/.m2/repository/org/apache/maven/doxia/doxia-module-xhtml5/1.11.1/doxia-module-xhtml5-1.11.1.jar:/Users/yimingtang/.m2/repository/org/codehaus/plexus/plexus-velocity/1.2/plexus-velocity-1.2.jar:/Users/yimingtang/.m2/repository/org/apache/velocity/velocity/1.7/velocity-1.7.jar:/Users/yimingtang/.m2/repository/commons-lang/commons-lang/2.4/commons-lang-2.4.jar:/Users/yimingtang/.m2/repository/org/apache/velocity/velocity-tools/2.0/velocity-tools-2.0.jar:/Users/yimingtang/.m2/repository/commons-beanutils/commons-beanutils/1.7.0/commons-beanutils-1.7.0.jar:/Users/yimingtang/.m2/repository/commons-digester/commons-digester/1.8/commons-digester-1.8.jar:/Users/yimingtang/.m2/repository/commons-chain/commons-chain/1.1/commons-chain-1.1.jar:/Users/yimingtang/.m2/repository/dom4j/dom4j/1.1/dom4j-1.1.jar:/Users/yimingtang/.m2/repository/oro/oro/2.0.8/oro-2.0.8.jar:/Users/yimingtang/.m2/repository/commons-collections/commons-collections/3.2.2/commons-collections-3.2.2.jar:/Users/yimingtang/.m2/repository/org/apache/maven/reporting/maven-reporting-api/3.1.1/maven-reporting-api-3.1.1.jar:/Users/yimingtang/.m2/repository/org/apache/maven/shared/maven-shared-utils/3.3.4/maven-shared-utils-3.3.4.jar:/Users/yimingtang/.m2/repository/org/apache/maven/shared/maven-plugin-testing-harness/1.1/maven-plugin-testing-harness-1.1.jar:/Users/yimingtang/.m2/repository/org/apache/maven/maven-core/2.0/maven-core-2.0.jar:/Users/yimingtang/.m2/repository/org/apache/maven/wagon/wagon-file/1.0-alpha-5/wagon-file-1.0-alpha-5.jar:/Users/yimingtang/.m2/repository/org/apache/maven/maven-plugin-parameter-documenter/2.0/maven-plugin-parameter-documenter-2.0.jar:/Users/yimingtang/.m2/repository/org/apache/maven/wagon/wagon-http-lightweight/1.0-alpha-5/wagon-http-lightweight-1.0-alpha-5.jar:/Users/yimingtang/.m2/repository/org/apache/maven/maven-error-diagnostics/2.0/maven-error-diagnostics-2.0.jar:/Users/yimingtang/.m2/repository/org/apache/maven/maven-plugin-descriptor/2.0/maven-plugin-descriptor-2.0.jar:/Users/yimingtang/.m2/repository/org/codehaus/plexus/plexus-interactivity-api/1.0-alpha-4/plexus-interactivity-api-1.0-alpha-4.jar:/Users/yimingtang/.m2/repository/org/apache/maven/maven-monitor/2.0/maven-monitor-2.0.jar:/Users/yimingtang/.m2/repository/org/apache/maven/wagon/wagon-ssh/1.0-alpha-5/wagon-ssh-1.0-alpha-5.jar:/Users/yimingtang/.m2/repository/com/jcraft/jsch/0.1.23/jsch-0.1.23.jar:/Users/yimingtang/.m2/repository/org/codehaus/plexus/plexus-archiver/1.0-alpha-7/plexus-archiver-1.0-alpha-7.jar:/Users/yimingtang/.m2/repository/org/codehaus/plexus/plexus-utils/3.5.1/plexus-utils-3.5.1.jar:/Users/yimingtang/.m2/repository/org/apache/commons/commons-lang3/3.12.0/commons-lang3-3.12.0.jar:"/>
    <property name="java.vm.vendor" value="Homebrew"/>
    <property name="sun.arch.data.model" value="64"/>
    <property name="java.vendor.url" value="https://github.com/Homebrew/homebrew-core/issues"/>
    <property name="os.name" value="Mac OS X"/>
    <property name="java.vm.specification.version" value="18"/>
    <property name="sun.java.launcher" value="SUN_STANDARD"/>
    <property name="user.country" value="US"/>
    <property name="sun.boot.library.path" value="/opt/homebrew/Cellar/openjdk/18.0.1.1/libexec/openjdk.jdk/Contents/Home/lib"/>
    <property name="sun.java.command" value="/Users/yimingtang/Documents/subjects/creadur-rat/apache-rat-plugin/target/surefire/surefirebooter14427707181801152872.jar /Users/yimingtang/Documents/subjects/creadur-rat/apache-rat-plugin/target/surefire 2023-03-24T15-59-01_552-jvmRun1 surefire16893579298710509474tmp surefire_24956290732795652328tmp"/>
    <property name="http.nonProxyHosts" value="local|*.local|169.254/16|*.169.254/16"/>
    <property name="jdk.debug" value="release"/>
    <property name="surefire.test.class.path" value="/Users/yimingtang/Documents/subjects/creadur-rat/apache-rat-plugin/target/test-classes:/Users/yimingtang/Documents/subjects/creadur-rat/apache-rat-plugin/target/classes:/Users/yimingtang/Documents/subjects/creadur-rat/apache-rat-core/target/apache-rat-core-0.16-SNAPSHOT.jar:/Users/yimingtang/Documents/subjects/creadur-rat/apache-rat-api/target/apache-rat-api-0.16-SNAPSHOT.jar:/Users/yimingtang/.m2/repository/org/apache/commons/commons-collections4/4.4/commons-collections4-4.4.jar:/Users/yimingtang/.m2/repository/commons-io/commons-io/2.11.0/commons-io-2.11.0.jar:/Users/yimingtang/.m2/repository/org/apache/commons/commons-compress/1.22/commons-compress-1.22.jar:/Users/yimingtang/.m2/repository/commons-cli/commons-cli/1.5.0/commons-cli-1.5.0.jar:/Users/yimingtang/.m2/repository/junit/junit/4.13.2/junit-4.13.2.jar:/Users/yimingtang/.m2/repository/org/hamcrest/hamcrest-core/1.3/hamcrest-core-1.3.jar:/Users/yimingtang/.m2/repository/org/mockito/mockito-core/4.11.0/mockito-core-4.11.0.jar:/Users/yimingtang/.m2/repository/net/bytebuddy/byte-buddy/1.12.19/byte-buddy-1.12.19.jar:/Users/yimingtang/.m2/repository/net/bytebuddy/byte-buddy-agent/1.12.19/byte-buddy-agent-1.12.19.jar:/Users/yimingtang/.m2/repository/org/objenesis/objenesis/3.3/objenesis-3.3.jar:/Users/yimingtang/.m2/repository/org/apache/maven/plugin-tools/maven-plugin-annotations/3.8.1/maven-plugin-annotations-3.8.1.jar:/Users/yimingtang/.m2/repository/org/apache/maven/maven-artifact/2.2.1/maven-artifact-2.2.1.jar:/Users/yimingtang/.m2/repository/org/apache/maven/maven-artifact-manager/2.2.1/maven-artifact-manager-2.2.1.jar:/Users/yimingtang/.m2/repository/org/apache/maven/maven-repository-metadata/2.2.1/maven-repository-metadata-2.2.1.jar:/Users/yimingtang/.m2/repository/org/codehaus/plexus/plexus-container-default/1.0-alpha-9-stable-1/plexus-container-default-1.0-alpha-9-stable-1.jar:/Users/yimingtang/.m2/repository/classworlds/classworlds/1.1-alpha-2/classworlds-1.1-alpha-2.jar:/Users/yimingtang/.m2/repository/org/apache/maven/wagon/wagon-provider-api/1.0-beta-6/wagon-provider-api-1.0-beta-6.jar:/Users/yimingtang/.m2/repository/backport-util-concurrent/backport-util-concurrent/3.1/backport-util-concurrent-3.1.jar:/Users/yimingtang/.m2/repository/org/apache/maven/maven-model/2.2.1/maven-model-2.2.1.jar:/Users/yimingtang/.m2/repository/org/apache/maven/maven-plugin-api/2.2.1/maven-plugin-api-2.2.1.jar:/Users/yimingtang/.m2/repository/org/apache/maven/maven-project/2.2.1/maven-project-2.2.1.jar:/Users/yimingtang/.m2/repository/org/apache/maven/maven-profile/2.2.1/maven-profile-2.2.1.jar:/Users/yimingtang/.m2/repository/org/apache/maven/maven-plugin-registry/2.2.1/maven-plugin-registry-2.2.1.jar:/Users/yimingtang/.m2/repository/org/codehaus/plexus/plexus-interpolation/1.11/plexus-interpolation-1.11.jar:/Users/yimingtang/.m2/repository/org/apache/maven/maven-settings/2.2.1/maven-settings-2.2.1.jar:/Users/yimingtang/.m2/repository/org/apache/maven/doxia/doxia-core/1.12.0/doxia-core-1.12.0.jar:/Users/yimingtang/.m2/repository/org/apache/maven/doxia/doxia-logging-api/1.12.0/doxia-logging-api-1.12.0.jar:/Users/yimingtang/.m2/repository/org/codehaus/plexus/plexus-component-annotations/2.1.0/plexus-component-annotations-2.1.0.jar:/Users/yimingtang/.m2/repository/org/apache/commons/commons-text/1.3/commons-text-1.3.jar:/Users/yimingtang/.m2/repository/org/apache/httpcomponents/httpclient/4.5.13/httpclient-4.5.13.jar:/Users/yimingtang/.m2/repository/commons-logging/commons-logging/1.2/commons-logging-1.2.jar:/Users/yimingtang/.m2/repository/commons-codec/commons-codec/1.11/commons-codec-1.11.jar:/Users/yimingtang/.m2/repository/org/apache/httpcomponents/httpcore/4.4.14/httpcore-4.4.14.jar:/Users/yimingtang/.m2/repository/org/apache/maven/doxia/doxia-decoration-model/1.11.1/doxia-decoration-model-1.11.1.jar:/Users/yimingtang/.m2/repository/org/apache/maven/doxia/doxia-module-xhtml/1.12.0/doxia-module-xhtml-1.12.0.jar:/Users/yimingtang/.m2/repository/org/apache/maven/doxia/doxia-sink-api/1.12.0/doxia-sink-api-1.12.0.jar:/Users/yimingtang/.m2/repository/org/apache/maven/doxia/doxia-integration-tools/1.11.1/doxia-integration-tools-1.11.1.jar:/Users/yimingtang/.m2/repository/org/codehaus/plexus/plexus-i18n/1.0-beta-10/plexus-i18n-1.0-beta-10.jar:/Users/yimingtang/.m2/repository/org/apache/maven/doxia/doxia-site-renderer/1.11.1/doxia-site-renderer-1.11.1.jar:/Users/yimingtang/.m2/repository/org/apache/maven/doxia/doxia-skin-model/1.11.1/doxia-skin-model-1.11.1.jar:/Users/yimingtang/.m2/repository/org/apache/maven/doxia/doxia-module-xhtml5/1.11.1/doxia-module-xhtml5-1.11.1.jar:/Users/yimingtang/.m2/repository/org/codehaus/plexus/plexus-velocity/1.2/plexus-velocity-1.2.jar:/Users/yimingtang/.m2/repository/org/apache/velocity/velocity/1.7/velocity-1.7.jar:/Users/yimingtang/.m2/repository/commons-lang/commons-lang/2.4/commons-lang-2.4.jar:/Users/yimingtang/.m2/repository/org/apache/velocity/velocity-tools/2.0/velocity-tools-2.0.jar:/Users/yimingtang/.m2/repository/commons-beanutils/commons-beanutils/1.7.0/commons-beanutils-1.7.0.jar:/Users/yimingtang/.m2/repository/commons-digester/commons-digester/1.8/commons-digester-1.8.jar:/Users/yimingtang/.m2/repository/commons-chain/commons-chain/1.1/commons-chain-1.1.jar:/Users/yimingtang/.m2/repository/dom4j/dom4j/1.1/dom4j-1.1.jar:/Users/yimingtang/.m2/repository/oro/oro/2.0.8/oro-2.0.8.jar:/Users/yimingtang/.m2/repository/commons-collections/commons-collections/3.2.2/commons-collections-3.2.2.jar:/Users/yimingtang/.m2/repository/org/apache/maven/reporting/maven-reporting-api/3.1.1/maven-reporting-api-3.1.1.jar:/Users/yimingtang/.m2/repository/org/apache/maven/shared/maven-shared-utils/3.3.4/maven-shared-utils-3.3.4.jar:/Users/yimingtang/.m2/repository/org/apache/maven/shared/maven-plugin-testing-harness/1.1/maven-plugin-testing-harness-1.1.jar:/Users/yimingtang/.m2/repository/org/apache/maven/maven-core/2.0/maven-core-2.0.jar:/Users/yimingtang/.m2/repository/org/apache/maven/wagon/wagon-file/1.0-alpha-5/wagon-file-1.0-alpha-5.jar:/Users/yimingtang/.m2/repository/org/apache/maven/maven-plugin-parameter-documenter/2.0/maven-plugin-parameter-documenter-2.0.jar:/Users/yimingtang/.m2/repository/org/apache/maven/wagon/wagon-http-lightweight/1.0-alpha-5/wagon-http-lightweight-1.0-alpha-5.jar:/Users/yimingtang/.m2/repository/org/apache/maven/maven-error-diagnostics/2.0/maven-error-diagnostics-2.0.jar:/Users/yimingtang/.m2/repository/org/apache/maven/maven-plugin-descriptor/2.0/maven-plugin-descriptor-2.0.jar:/Users/yimingtang/.m2/repository/org/codehaus/plexus/plexus-interactivity-api/1.0-alpha-4/plexus-interactivity-api-1.0-alpha-4.jar:/Users/yimingtang/.m2/repository/org/apache/maven/maven-monitor/2.0/maven-monitor-2.0.jar:/Users/yimingtang/.m2/repository/org/apache/maven/wagon/wagon-ssh/1.0-alpha-5/wagon-ssh-1.0-alpha-5.jar:/Users/yimingtang/.m2/repository/com/jcraft/jsch/0.1.23/jsch-0.1.23.jar:/Users/yimingtang/.m2/repository/org/codehaus/plexus/plexus-archiver/1.0-alpha-7/plexus-archiver-1.0-alpha-7.jar:/Users/yimingtang/.m2/repository/org/codehaus/plexus/plexus-utils/3.5.1/plexus-utils-3.5.1.jar:/Users/yimingtang/.m2/repository/org/apache/commons/commons-lang3/3.12.0/commons-lang3-3.12.0.jar:"/>
    <property name="sun.cpu.endian" value="little"/>
    <property name="user.home" value="/Users/yimingtang"/>
    <property name="user.language" value="en"/>
    <property name="java.specification.vendor" value="Oracle Corporation"/>
    <property name="java.version.date" value="2022-04-22"/>
    <property name="java.home" value="/opt/homebrew/Cellar/openjdk/18.0.1.1/libexec/openjdk.jdk/Contents/Home"/>
    <property name="file.separator" value="/"/>
    <property name="basedir" value="/Users/yimingtang/Documents/subjects/creadur-rat/apache-rat-plugin"/>
    <property name="java.vm.compressedOopsMode" value="Zero based"/>
    <property name="line.separator" value="&#10;"/>
    <property name="java.vm.specification.vendor" value="Oracle Corporation"/>
    <property name="java.specification.name" value="Java Platform API Specification"/>
    <property name="apple.awt.application.name" value="ForkedBooter"/>
    <property name="surefire.real.class.path" value="/Users/yimingtang/Documents/subjects/creadur-rat/apache-rat-plugin/target/surefire/surefirebooter14427707181801152872.jar"/>
    <property name="sun.management.compiler" value="HotSpot 64-Bit Tiered Compilers"/>
    <property name="ftp.nonProxyHosts" value="local|*.local|169.254/16|*.169.254/16"/>
    <property name="java.runtime.version" value="18.0.1.1+0"/>
    <property name="user.name" value="yimingtang"/>
    <property name="path.separator" value=":"/>
    <property name="os.version" value="12.2.1"/>
    <property name="java.runtime.name" value="OpenJDK Runtime Environment"/>
    <property name="file.encoding" value="ISO-8859-1"/>
    <property name="java.vm.name" value="OpenJDK 64-Bit Server VM"/>
    <property name="java.vendor.version" value="Homebrew"/>
    <property name="localRepository" value="/Users/yimingtang/.m2/repository"/>
    <property name="java.vendor.url.bug" value="https://github.com/Homebrew/homebrew-core/issues"/>
    <property name="java.io.tmpdir" value="/var/folders/6w/qrh4swfj7bz2f9hskb9hqh080000gn/T/"/>
    <property name="java.version" value="18.0.1.1"/>
    <property name="user.dir" value="/Users/yimingtang/Documents/subjects/creadur-rat/apache-rat-plugin"/>
    <property name="os.arch" value="aarch64"/>
    <property name="java.vm.specification.name" value="Java Virtual Machine Specification"/>
    <property name="native.encoding" value="UTF-8"/>
    <property name="java.library.path" value="/Users/yimingtang/Library/Java/Extensions:/Library/Java/Extensions:/Network/Library/Java/Extensions:/System/Library/Java/Extensions:/usr/lib/java:."/>
    <property name="java.vm.info" value="mixed mode, sharing"/>
    <property name="java.vendor" value="Homebrew"/>
    <property name="java.vm.version" value="18.0.1.1+0"/>
    <property name="sun.io.unicode.encoding" value="UnicodeBig"/>
    <property name="socksNonProxyHosts" value="local|*.local|169.254/16|*.169.254/16"/>
    <property name="java.class.version" value="62.0"/>
  </properties>
  <testcase name="parseAsNoComments" classname="org.apache.rat.mp.util.ScmIgnoreParserTest" time="0.011"/>
  <testcase name="parseAsComments" classname="org.apache.rat.mp.util.ScmIgnoreParserTest" time="0"/>
  <testcase name="parseFromTargetDirectoryHopefullyWithoutSCMIgnores" classname="org.apache.rat.mp.util.ScmIgnoreParserTest" time="0.001"/>
  <testcase name="parseFromNonExistingFileOrDirectoryOrNull" classname="org.apache.rat.mp.util.ScmIgnoreParserTest" time="0"/>
  <testcase name="parseFromEmptyIgnoreFile" classname="org.apache.rat.mp.util.ScmIgnoreParserTest" time="0.003"/>
</testsuite>