<?xml version="1.0" encoding="UTF-8"?>
<testsuite xmlns:xsi="http://www.w3.org/2001/XMLSchema-instance" xsi:noNamespaceSchemaLocation="https://maven.apache.org/surefire/maven-surefire-plugin/xsd/surefire-test-report.xsd" name="org.apache.rat.header.HeaderMatcherWithBeansTest" time="0.002" tests="2" errors="0" skipped="0" failures="0">
  <properties>
    <property name="java.specification.version" value="18"/>
    <property name="sun.jnu.encoding" value="UTF-8"/>
    <property name="java.class.path" value="/Users/yimingtang/Documents/subjects/creadur-rat/apache-rat-core/target/test-classes:/Users/yimingtang/Documents/subjects/creadur-rat/apache-rat-core/target/classes:/Users/yimingtang/Documents/subjects/creadur-rat/apache-rat-api/target/apache-rat-api-0.16-SNAPSHOT.jar:/Users/yimingtang/.m2/repository/org/apache/commons/commons-collections4/4.4/commons-collections4-4.4.jar:/Users/yimingtang/.m2/repository/org/apache/commons/commons-lang3/3.12.0/commons-lang3-3.12.0.jar:/Users/yimingtang/.m2/repository/commons-io/commons-io/2.11.0/commons-io-2.11.0.jar:/Users/yimingtang/.m2/repository/org/apache/commons/commons-compress/1.22/commons-compress-1.22.jar:/Users/yimingtang/.m2/repository/junit/junit/4.13.2/junit-4.13.2.jar:/Users/yimingtang/.m2/repository/org/hamcrest/hamcrest-core/1.3/hamcrest-core-1.3.jar:/Users/yimingtang/.m2/repository/commons-cli/commons-cli/1.5.0/commons-cli-1.5.0.jar:"/>
    <property name="java.vm.vendor" value="Homebrew"/>
    <property name="sun.arch.data.model" value="64"/>
    <property name="java.vendor.url" value="https://github.com/Homebrew/homebrew-core/issues"/>
    <property name="os.name" value="Mac OS X"/>
    <property name="java.vm.specification.version" value="18"/>
    <property name="sun.java.launcher" value="SUN_STANDARD"/>
    <property name="user.country" value="US"/>
    <property name="sun.boot.library.path" value="/opt/homebrew/Cellar/openjdk/18.0.1.1/libexec/openjdk.jdk/Contents/Home/lib"/>
    <property name="sun.java.command" value="/Users/yimingtang/Documents/subjects/creadur-rat/apache-rat-core/target/surefire/surefirebooter9953567889022206864.jar /Users/yimingtang/Documents/subjects/creadur-rat/apache-rat-core/target/surefire 2023-03-24T15-59-01_552-jvmRun1 surefire4431625418621395313tmp surefire_114120094226766540645tmp"/>
    <property name="http.nonProxyHosts" value="local|*.local|169.254/16|*.169.254/16"/>
    <property name="jdk.debug" value="release"/>
    <property name="surefire.test.class.path" value="/Users/yimingtang/Documents/subjects/creadur-rat/apache-rat-core/target/test-classes:/Users/yimingtang/Documents/subjects/creadur-rat/apache-rat-core/target/classes:/Users/yimingtang/Documents/subjects/creadur-rat/apache-rat-api/target/apache-rat-api-0.16-SNAPSHOT.jar:/Users/yimingtang/.m2/repository/org/apache/commons/commons-collections4/4.4/commons-collections4-4.4.jar:/Users/yimingtang/.m2/repository/org/apache/commons/commons-lang3/3.12.0/commons-lang3-3.12.0.jar:/Users/yimingtang/.m2/repository/commons-io/commons-io/2.11.0/commons-io-2.11.0.jar:/Users/yimingtang/.m2/repository/org/apache/commons/commons-compress/1.22/commons-compress-1.22.jar:/Users/yimingtang/.m2/repository/junit/junit/4.13.2/junit-4.13.2.jar:/Users/yimingtang/.m2/repository/org/hamcrest/hamcrest-core/1.3/hamcrest-core-1.3.jar:/Users/yimingtang/.m2/repository/commons-cli/commons-cli/1.5.0/commons-cli-1.5.0.jar:"/>
    <property name="sun.cpu.endian" value="little"/>
    <property name="user.home" value="/Users/yimingtang"/>
    <property name="user.language" value="en"/>
    <property name="java.specification.vendor" value="Oracle Corporation"/>
    <property name="java.version.date" value="2022-04-22"/>
    <property name="java.home" value="/opt/homebrew/Cellar/openjdk/18.0.1.1/libexec/openjdk.jdk/Contents/Home"/>
    <property name="file.separator" value="/"/>
    <property name="basedir" value="/Users/yimingtang/Documents/subjects/creadur-rat/apache-rat-core"/>
    <property name="java.vm.compressedOopsMode" value="Zero based"/>
    <property name="line.separator" value="&#10;"/>
    <property name="java.vm.specification.vendor" value="Oracle Corporation"/>
    <property name="java.specification.name" value="Java Platform API Specification"/>
    <property name="apple.awt.application.name" value="ForkedBooter"/>
    <property name="surefire.real.class.path" value="/Users/yimingtang/Documents/subjects/creadur-rat/apache-rat-core/target/surefire/surefirebooter9953567889022206864.jar"/>
    <property name="sun.management.compiler" value="HotSpot 64-Bit Tiered Compilers"/>
    <property name="ftp.nonProxyHosts" value="local|*.local|169.254/16|*.169.254/16"/>
    <property name="java.runtime.version" value="18.0.1.1+0"/>
    <property name="user.name" value="yimingtang"/>
    <property name="path.separator" value=":"/>
    <property name="os.version" value="12.2.1"/>
    <property name="java.runtime.name" value="OpenJDK Runtime Environment"/>
    <property name="file.encoding" value="UTF-8"/>
    <property name="java.vm.name" value="OpenJDK 64-Bit Server VM"/>
    <property name="java.vendor.version" value="Homebrew"/>
    <property name="localRepository" value="/Users/yimingtang/.m2/repository"/>
    <property name="java.vendor.url.bug" value="https://github.com/Homebrew/homebrew-core/issues"/>
    <property name="java.io.tmpdir" value="/var/folders/6w/qrh4swfj7bz2f9hskb9hqh080000gn/T/"/>
    <property name="java.version" value="18.0.1.1"/>
    <property name="user.dir" value="/Users/yimingtang/Documents/subjects/creadur-rat/apache-rat-core"/>
    <property name="os.arch" value="aarch64"/>
    <property name="java.vm.specification.name" value="Java Virtual Machine Specification"/>
    <property name="native.encoding" value="UTF-8"/>
    <property name="java.library.path" value="/Users/yimingtang/Library/Java/Extensions:/Library/Java/Extensions:/Network/Library/Java/Extensions:/System/Library/Java/Extensions:/usr/lib/java:."/>
    <property name="java.vm.info" value="mixed mode, sharing"/>
    <property name="java.vendor" value="Homebrew"/>
    <property name="java.vm.version" value="18.0.1.1+0"/>
    <property name="sun.io.unicode.encoding" value="UnicodeBig"/>
    <property name="socksNonProxyHosts" value="local|*.local|169.254/16|*.169.254/16"/>
    <property name="java.class.version" value="62.0"/>
  </properties>
  <testcase name="nulls" classname="org.apache.rat.header.HeaderMatcherWithBeansTest" time="0"/>
  <testcase name="matches" classname="org.apache.rat.header.HeaderMatcherWithBeansTest" time="0"/>
</testsuite>